<?xml version="1.0" encoding="UTF-8"?>
<coverage generated="1773577011598" clover="3.2.0">
  <project timestamp="1773577011598" name="All files">
    <metrics statements="81" coveredstatements="61" conditionals="44" coveredconditionals="31" methods="21" coveredmethods="12" elements="146" coveredelements="104" complexity="0" loc="81" ncloc="81" packages="4" files="4" classes="4"/>
    <package name="src">
      <metrics statements="39" coveredstatements="19" conditionals="21" coveredconditionals="8" methods="10" coveredmethods="1"/>
      <file name="index.js" path="/home/runner/work/Nutrifit/Nutrifit/backend/src/index.js">
        <metrics statements="39" coveredstatements="19" conditionals="21" coveredconditionals="8" methods="10" coveredmethods="1"/>
        <line num="7" count="1" type="stmt"/>
        <line num="10" count="1" type="stmt"/>
        <line num="11" count="1" type="cond" truecount="2" falsecount="0"/>
        <line num="12" count="1" type="cond" truecount="1" falsecount="1"/>
        <line num="19" count="1" type="stmt"/>
        <line num="25" count="1" type="stmt"/>
        <line num="33" count="1" type="stmt"/>
        <line num="40" count="1" type="stmt"/>
        <line num="43" count="1" type="stmt"/>
        <line num="49" count="1" type="cond" truecount="1" falsecount="1"/>
        <line num="50" count="0" type="stmt"/>
        <line num="51" count="0" type="stmt"/>
        <line num="52" count="0" type="stmt"/>
        <line num="60" count="1" type="stmt"/>
        <line num="61" count="0" type="stmt"/>
        <line num="82" count="1" type="stmt"/>
        <line num="88" count="1" type="stmt"/>
        <line num="89" count="0" type="stmt"/>
        <line num="100" count="1" type="stmt"/>
        <line num="102" count="0" type="cond" truecount="0" falsecount="2"/>
        <line num="103" count="0" type="stmt"/>
        <line num="107" count="0" type="cond" truecount="0" falsecount="3"/>
        <line num="108" count="0" type="cond" truecount="0" falsecount="2"/>
        <line num="111" count="0" type="stmt"/>
        <line num="123" count="1" type="stmt"/>
        <line num="124" count="1" type="stmt"/>
        <line num="142" count="1" type="stmt"/>
        <line num="143" count="0" type="stmt"/>
        <line num="144" count="0" type="stmt"/>
        <line num="145" count="0" type="stmt"/>
        <line num="146" count="0" type="stmt"/>
        <line num="150" count="1" type="stmt"/>
        <line num="151" count="0" type="stmt"/>
        <line num="152" count="0" type="stmt"/>
        <line num="153" count="0" type="stmt"/>
        <line num="154" count="0" type="stmt"/>
        <line num="162" count="1" type="stmt"/>
        <line num="163" count="0" type="stmt"/>
        <line num="164" count="0" type="stmt"/>
      </file>
    </package>
    <package name="src.constants">
      <metrics statements="2" coveredstatements="2" conditionals="0" coveredconditionals="0" methods="0" coveredmethods="0"/>
      <file name="diseaseNutrientInfluences.js" path="/home/runner/work/Nutrifit/Nutrifit/backend/src/constants/diseaseNutrientInfluences.js">
        <metrics statements="2" coveredstatements="2" conditionals="0" coveredconditionals="0" methods="0" coveredmethods="0"/>
        <line num="26" count="3" type="stmt"/>
        <line num="36" count="3" type="stmt"/>
      </file>
    </package>
    <package name="src.routes">
      <metrics statements="24" coveredstatements="24" conditionals="13" coveredconditionals="13" methods="4" coveredmethods="4"/>
      <file name="nutrition.js" path="/home/runner/work/Nutrifit/Nutrifit/backend/src/routes/nutrition.js">
        <metrics statements="24" coveredstatements="24" conditionals="13" coveredconditionals="13" methods="4" coveredmethods="4"/>
        <line num="15" count="1" type="stmt"/>
        <line num="21" count="1" type="stmt"/>
        <line num="22" count="1" type="stmt"/>
        <line num="32" count="1" type="stmt"/>
        <line num="33" count="2" type="stmt"/>
        <line num="34" count="2" type="stmt"/>
        <line num="36" count="2" type="cond" truecount="2" falsecount="0"/>
        <line num="37" count="1" type="stmt"/>
        <line num="43" count="1" type="stmt"/>
        <line num="55" count="1" type="stmt"/>
        <line num="56" count="3" type="stmt"/>
        <line num="57" count="3" type="stmt"/>
        <line num="59" count="3" type="cond" truecount="5" falsecount="0"/>
        <line num="60" count="1" type="stmt"/>
        <line num="66" count="2" type="stmt"/>
        <line num="67" count="2" type="cond" truecount="2" falsecount="0"/>
        <line num="68" count="1" type="stmt"/>
        <line num="74" count="1" type="stmt"/>
        <line num="86" count="1" type="stmt"/>
        <line num="87" count="3" type="stmt"/>
        <line num="89" count="3" type="cond" truecount="4" falsecount="0"/>
        <line num="90" count="2" type="stmt"/>
        <line num="96" count="1" type="stmt"/>
        <line num="97" count="1" type="stmt"/>
      </file>
    </package>
    <package name="src.services">
      <metrics statements="16" coveredstatements="16" conditionals="10" coveredconditionals="10" methods="7" coveredmethods="7"/>
      <file name="diseaseNutrientService.js" path="/home/runner/work/Nutrifit/Nutrifit/backend/src/services/diseaseNutrientService.js">
        <metrics statements="16" coveredstatements="16" conditionals="10" coveredconditionals="10" methods="7" coveredmethods="7"/>
        <line num="17" count="2" type="stmt"/>
        <line num="27" count="20" type="cond" truecount="2" falsecount="0"/>
        <line num="43" count="6" type="stmt"/>
        <line num="44" count="6" type="cond" truecount="2" falsecount="0"/>
        <line num="46" count="4" type="stmt"/>
        <line num="47" count="4" type="stmt"/>
        <line num="48" count="12" type="cond" truecount="2" falsecount="0"/>
        <line num="49" count="7" type="stmt"/>
        <line num="52" count="4" type="stmt"/>
        <line num="63" count="5" type="stmt"/>
        <line num="64" count="5" type="stmt"/>
        <line num="65" count="10" type="stmt"/>
        <line num="66" count="10" type="cond" truecount="2" falsecount="0"/>
        <line num="67" count="9" type="stmt"/>
        <line num="68" count="27" type="cond" truecount="2" falsecount="0"/>
        <line num="71" count="5" type="stmt"/>
      </file>
    </package>
  </project>
</coverage>
