{"/home/runner/work/Nutrifit/Nutrifit/backend/src/index.js": {"path":"/home/runner/work/Nutrifit/Nutrifit/backend/src/index.js","statementMap":{"0":{"start":{"line":7,"column":0},"end":{"line":7,"column":16}},"1":{"start":{"line":10,"column":12},"end":{"line":10,"column":21}},"2":{"start":{"line":11,"column":13},"end":{"line":11,"column":37}},"3":{"start":{"line":12,"column":17},"end":{"line":12,"column":54}},"4":{"start":{"line":19,"column":0},"end":{"line":19,"column":18}},"5":{"start":{"line":25,"column":20},"end":{"line":31,"column":1}},"6":{"start":{"line":33,"column":0},"end":{"line":33,"column":27}},"7":{"start":{"line":40,"column":0},"end":{"line":40,"column":41}},"8":{"start":{"line":43,"column":0},"end":{"line":43,"column":63}},"9":{"start":{"line":49,"column":0},"end":{"line":54,"column":1}},"10":{"start":{"line":50,"column":2},"end":{"line":53,"column":5}},"11":{"start":{"line":51,"column":4},"end":{"line":51,"column":75}},"12":{"start":{"line":52,"column":4},"end":{"line":52,"column":11}},"13":{"start":{"line":60,"column":0},"end":{"line":68,"column":3}},"14":{"start":{"line":61,"column":2},"end":{"line":67,"column":5}},"15":{"start":{"line":82,"column":0},"end":{"line":82,"column":43}},"16":{"start":{"line":88,"column":0},"end":{"line":94,"column":3}},"17":{"start":{"line":89,"column":2},"end":{"line":93,"column":5}},"18":{"start":{"line":100,"column":0},"end":{"line":117,"column":3}},"19":{"start":{"line":102,"column":2},"end":{"line":104,"column":3}},"20":{"start":{"line":103,"column":4},"end":{"line":103,"column":33}},"21":{"start":{"line":107,"column":17},"end":{"line":107,"column":52}},"22":{"start":{"line":108,"column":18},"end":{"line":108,"column":56}},"23":{"start":{"line":111,"column":2},"end":{"line":116,"column":5}},"24":{"start":{"line":123,"column":15},"end":{"line":136,"column":2}},"25":{"start":{"line":124,"column":2},"end":{"line":135,"column":5}},"26":{"start":{"line":142,"column":0},"end":{"line":148,"column":3}},"27":{"start":{"line":143,"column":2},"end":{"line":143,"column":63}},"28":{"start":{"line":144,"column":2},"end":{"line":147,"column":5}},"29":{"start":{"line":145,"column":4},"end":{"line":145,"column":33}},"30":{"start":{"line":146,"column":4},"end":{"line":146,"column":20}},"31":{"start":{"line":150,"column":0},"end":{"line":156,"column":3}},"32":{"start":{"line":151,"column":2},"end":{"line":151,"column":62}},"33":{"start":{"line":152,"column":2},"end":{"line":155,"column":5}},"34":{"start":{"line":153,"column":4},"end":{"line":153,"column":33}},"35":{"start":{"line":154,"column":4},"end":{"line":154,"column":20}},"36":{"start":{"line":162,"column":0},"end":{"line":165,"column":3}},"37":{"start":{"line":163,"column":2},"end":{"line":163,"column":45}},"38":{"start":{"line":164,"column":2},"end":{"line":164,"column":18}}},"fnMap":{"0":{"name":"(anonymous_0)","decl":{"start":{"line":50,"column":10},"end":{"line":50,"column":11}},"loc":{"start":{"line":50,"column":30},"end":{"line":53,"column":3}},"line":50},"1":{"name":"(anonymous_1)","decl":{"start":{"line":60,"column":19},"end":{"line":60,"column":20}},"loc":{"start":{"line":60,"column":33},"end":{"line":68,"column":1}},"line":60},"2":{"name":"(anonymous_2)","decl":{"start":{"line":88,"column":8},"end":{"line":88,"column":9}},"loc":{"start":{"line":88,"column":22},"end":{"line":94,"column":1}},"line":88},"3":{"name":"(anonymous_3)","decl":{"start":{"line":100,"column":8},"end":{"line":100,"column":9}},"loc":{"start":{"line":100,"column":33},"end":{"line":117,"column":1}},"line":100},"4":{"name":"(anonymous_4)","decl":{"start":{"line":123,"column":32},"end":{"line":123,"column":33}},"loc":{"start":{"line":123,"column":38},"end":{"line":136,"column":1}},"line":123},"5":{"name":"(anonymous_5)","decl":{"start":{"line":142,"column":22},"end":{"line":142,"column":23}},"loc":{"start":{"line":142,"column":28},"end":{"line":148,"column":1}},"line":142},"6":{"name":"(anonymous_6)","decl":{"start":{"line":144,"column":15},"end":{"line":144,"column":16}},"loc":{"start":{"line":144,"column":21},"end":{"line":147,"column":3}},"line":144},"7":{"name":"(anonymous_7)","decl":{"start":{"line":150,"column":21},"end":{"line":150,"column":22}},"loc":{"start":{"line":150,"column":27},"end":{"line":156,"column":1}},"line":150},"8":{"name":"(anonymous_8)","decl":{"start":{"line":152,"column":15},"end":{"line":152,"column":16}},"loc":{"start":{"line":152,"column":21},"end":{"line":155,"column":3}},"line":152},"9":{"name":"(anonymous_9)","decl":{"start":{"line":162,"column":33},"end":{"line":162,"column":34}},"loc":{"start":{"line":162,"column":42},"end":{"line":165,"column":1}},"line":162}},"branchMap":{"0":{"loc":{"start":{"line":11,"column":13},"end":{"line":11,"column":37}},"type":"binary-expr","locations":[{"start":{"line":11,"column":13},"end":{"line":11,"column":29}},{"start":{"line":11,"column":33},"end":{"line":11,"column":37}}],"line":11},"1":{"loc":{"start":{"line":12,"column":17},"end":{"line":12,"column":54}},"type":"binary-expr","locations":[{"start":{"line":12,"column":17},"end":{"line":12,"column":37}},{"start":{"line":12,"column":41},"end":{"line":12,"column":54}}],"line":12},"2":{"loc":{"start":{"line":26,"column":10},"end":{"line":26,"column":60}},"type":"binary-expr","locations":[{"start":{"line":26,"column":10},"end":{"line":26,"column":33}},{"start":{"line":26,"column":37},"end":{"line":26,"column":60}}],"line":26},"3":{"loc":{"start":{"line":49,"column":0},"end":{"line":54,"column":1}},"type":"if","locations":[{"start":{"line":49,"column":0},"end":{"line":54,"column":1}},{"start":{},"end":{}}],"line":49},"4":{"loc":{"start":{"line":102,"column":2},"end":{"line":104,"column":3}},"type":"if","locations":[{"start":{"line":102,"column":2},"end":{"line":104,"column":3}},{"start":{},"end":{}}],"line":102},"5":{"loc":{"start":{"line":107,"column":17},"end":{"line":107,"column":52}},"type":"binary-expr","locations":[{"start":{"line":107,"column":17},"end":{"line":107,"column":27}},{"start":{"line":107,"column":31},"end":{"line":107,"column":45}},{"start":{"line":107,"column":49},"end":{"line":107,"column":52}}],"line":107},"6":{"loc":{"start":{"line":108,"column":18},"end":{"line":108,"column":56}},"type":"binary-expr","locations":[{"start":{"line":108,"column":18},"end":{"line":108,"column":29}},{"start":{"line":108,"column":33},"end":{"line":108,"column":56}}],"line":108},"7":{"loc":{"start":{"line":113,"column":13},"end":{"line":113,"column":75}},"type":"cond-expr","locations":[{"start":{"line":113,"column":42},"end":{"line":113,"column":49}},{"start":{"line":113,"column":52},"end":{"line":113,"column":75}}],"line":113},"8":{"loc":{"start":{"line":114,"column":8},"end":{"line":114,"column":58}},"type":"binary-expr","locations":[{"start":{"line":114,"column":8},"end":{"line":114,"column":34}},{"start":{"line":114,"column":38},"end":{"line":114,"column":58}}],"line":114},"9":{"loc":{"start":{"line":131,"column":22},"end":{"line":131,"column":72}},"type":"binary-expr","locations":[{"start":{"line":131,"column":22},"end":{"line":131,"column":45}},{"start":{"line":131,"column":49},"end":{"line":131,"column":72}}],"line":131}},"s":{"0":1,"1":1,"2":1,"3":1,"4":1,"5":1,"6":1,"7":1,"8":1,"9":1,"10":0,"11":0,"12":0,"13":1,"14":0,"15":1,"16":1,"17":0,"18":1,"19":0,"20":0,"21":0,"22":0,"23":0,"24":1,"25":1,"26":1,"27":0,"28":0,"29":0,"30":0,"31":1,"32":0,"33":0,"34":0,"35":0,"36":1,"37":0,"38":0},"f":{"0":0,"1":0,"2":0,"3":0,"4":1,"5":0,"6":0,"7":0,"8":0,"9":0},"b":{"0":[1,1],"1":[1,0],"2":[1,1],"3":[0,1],"4":[0,0],"5":[0,0,0],"6":[0,0],"7":[0,0],"8":[0,0],"9":[1,1]},"_coverageSchema":"1a1c01bbd47fc00a2c39e90264f33305004495a9","hash":"c0fe9e5a97bf2b7d1dde6230c40fc7163ea45168"}
,"/home/runner/work/Nutrifit/Nutrifit/backend/src/constants/diseaseNutrientInfluences.js": {"path":"/home/runner/work/Nutrifit/Nutrifit/backend/src/constants/diseaseNutrientInfluences.js","statementMap":{"0":{"start":{"line":26,"column":31},"end":{"line":30,"column":1}},"1":{"start":{"line":36,"column":43},"end":{"line":80,"column":1}}},"fnMap":{},"branchMap":{},"s":{"0":3,"1":3},"f":{},"b":{},"_coverageSchema":"1a1c01bbd47fc00a2c39e90264f33305004495a9","hash":"25929a325ec2d03057bc01371921c749058eca0e"}
,"/home/runner/work/Nutrifit/Nutrifit/backend/src/routes/nutrition.js": {"path":"/home/runner/work/Nutrifit/Nutrifit/backend/src/routes/nutrition.js","statementMap":{"0":{"start":{"line":15,"column":15},"end":{"line":15,"column":23}},"1":{"start":{"line":21,"column":0},"end":{"line":26,"column":3}},"2":{"start":{"line":22,"column":2},"end":{"line":25,"column":5}},"3":{"start":{"line":32,"column":0},"end":{"line":47,"column":3}},"4":{"start":{"line":33,"column":25},"end":{"line":33,"column":35}},"5":{"start":{"line":34,"column":21},"end":{"line":34,"column":56}},"6":{"start":{"line":36,"column":2},"end":{"line":41,"column":3}},"7":{"start":{"line":37,"column":4},"end":{"line":40,"column":7}},"8":{"start":{"line":43,"column":2},"end":{"line":46,"column":5}},"9":{"start":{"line":55,"column":0},"end":{"line":78,"column":3}},"10":{"start":{"line":56,"column":25},"end":{"line":56,"column":35}},"11":{"start":{"line":57,"column":24},"end":{"line":57,"column":32}},"12":{"start":{"line":59,"column":2},"end":{"line":64,"column":3}},"13":{"start":{"line":60,"column":4},"end":{"line":63,"column":7}},"14":{"start":{"line":66,"column":19},"end":{"line":66,"column":64}},"15":{"start":{"line":67,"column":2},"end":{"line":72,"column":3}},"16":{"start":{"line":68,"column":4},"end":{"line":71,"column":7}},"17":{"start":{"line":74,"column":2},"end":{"line":77,"column":5}},"18":{"start":{"line":86,"column":0},"end":{"line":101,"column":3}},"19":{"start":{"line":87,"column":23},"end":{"line":87,"column":31}},"20":{"start":{"line":89,"column":2},"end":{"line":94,"column":3}},"21":{"start":{"line":90,"column":4},"end":{"line":93,"column":7}},"22":{"start":{"line":96,"column":19},"end":{"line":96,"column":46}},"23":{"start":{"line":97,"column":2},"end":{"line":100,"column":5}}},"fnMap":{"0":{"name":"(anonymous_0)","decl":{"start":{"line":21,"column":24},"end":{"line":21,"column":25}},"loc":{"start":{"line":21,"column":38},"end":{"line":26,"column":1}},"line":21},"1":{"name":"(anonymous_1)","decl":{"start":{"line":32,"column":47},"end":{"line":32,"column":48}},"loc":{"start":{"line":32,"column":61},"end":{"line":47,"column":1}},"line":32},"2":{"name":"(anonymous_2)","decl":{"start":{"line":55,"column":43},"end":{"line":55,"column":44}},"loc":{"start":{"line":55,"column":57},"end":{"line":78,"column":1}},"line":55},"3":{"name":"(anonymous_3)","decl":{"start":{"line":86,"column":35},"end":{"line":86,"column":36}},"loc":{"start":{"line":86,"column":49},"end":{"line":101,"column":1}},"line":86}},"branchMap":{"0":{"loc":{"start":{"line":36,"column":2},"end":{"line":41,"column":3}},"type":"if","locations":[{"start":{"line":36,"column":2},"end":{"line":41,"column":3}},{"start":{},"end":{}}],"line":36},"1":{"loc":{"start":{"line":59,"column":2},"end":{"line":64,"column":3}},"type":"if","locations":[{"start":{"line":59,"column":2},"end":{"line":64,"column":3}},{"start":{},"end":{}}],"line":59},"2":{"loc":{"start":{"line":59,"column":6},"end":{"line":59,"column":77}},"type":"binary-expr","locations":[{"start":{"line":59,"column":6},"end":{"line":59,"column":16}},{"start":{"line":59,"column":20},"end":{"line":59,"column":49}},{"start":{"line":59,"column":53},"end":{"line":59,"column":77}}],"line":59},"3":{"loc":{"start":{"line":67,"column":2},"end":{"line":72,"column":3}},"type":"if","locations":[{"start":{"line":67,"column":2},"end":{"line":72,"column":3}},{"start":{},"end":{}}],"line":67},"4":{"loc":{"start":{"line":89,"column":2},"end":{"line":94,"column":3}},"type":"if","locations":[{"start":{"line":89,"column":2},"end":{"line":94,"column":3}},{"start":{},"end":{}}],"line":89},"5":{"loc":{"start":{"line":89,"column":6},"end":{"line":89,"column":55}},"type":"binary-expr","locations":[{"start":{"line":89,"column":6},"end":{"line":89,"column":30}},{"start":{"line":89,"column":34},"end":{"line":89,"column":55}}],"line":89}},"s":{"0":1,"1":1,"2":1,"3":1,"4":2,"5":2,"6":2,"7":1,"8":1,"9":1,"10":3,"11":3,"12":3,"13":1,"14":2,"15":2,"16":1,"17":1,"18":1,"19":3,"20":3,"21":2,"22":1,"23":1},"f":{"0":1,"1":2,"2":3,"3":3},"b":{"0":[1,1],"1":[1,2],"2":[3,2,2],"3":[1,1],"4":[2,1],"5":[3,2]},"_coverageSchema":"1a1c01bbd47fc00a2c39e90264f33305004495a9","hash":"cbc256dc482c02647738413ade3a2c95ef0965bc"}
,"/home/runner/work/Nutrifit/Nutrifit/backend/src/services/diseaseNutrientService.js": {"path":"/home/runner/work/Nutrifit/Nutrifit/backend/src/services/diseaseNutrientService.js","statementMap":{"0":{"start":{"line":17,"column":2},"end":{"line":17,"column":50}},"1":{"start":{"line":27,"column":2},"end":{"line":27,"column":57}},"2":{"start":{"line":43,"column":21},"end":{"line":43,"column":56}},"3":{"start":{"line":44,"column":2},"end":{"line":44,"column":31}},"4":{"start":{"line":44,"column":19},"end":{"line":44,"column":31}},"5":{"start":{"line":46,"column":19},"end":{"line":46,"column":39}},"6":{"start":{"line":47,"column":2},"end":{"line":51,"column":5}},"7":{"start":{"line":48,"column":4},"end":{"line":50,"column":5}},"8":{"start":{"line":49,"column":6},"end":{"line":49,"column":77}},"9":{"start":{"line":52,"column":2},"end":{"line":52,"column":18}},"10":{"start":{"line":63,"column":19},"end":{"line":63,"column":21}},"11":{"start":{"line":64,"column":2},"end":{"line":70,"column":5}},"12":{"start":{"line":65,"column":23},"end":{"line":65,"column":51}},"13":{"start":{"line":66,"column":4},"end":{"line":66,"column":28}},"14":{"start":{"line":66,"column":21},"end":{"line":66,"column":28}},"15":{"start":{"line":67,"column":4},"end":{"line":69,"column":7}},"16":{"start":{"line":68,"column":6},"end":{"line":68,"column":96}},"17":{"start":{"line":71,"column":2},"end":{"line":71,"column":18}}},"fnMap":{"0":{"name":"getSupportedDiseases","decl":{"start":{"line":16,"column":16},"end":{"line":16,"column":36}},"loc":{"start":{"line":16,"column":39},"end":{"line":18,"column":1}},"line":16},"1":{"name":"getInfluencesForDisease","decl":{"start":{"line":26,"column":16},"end":{"line":26,"column":39}},"loc":{"start":{"line":26,"column":52},"end":{"line":28,"column":1}},"line":26},"2":{"name":"applyDiseaseInfluences","decl":{"start":{"line":42,"column":16},"end":{"line":42,"column":38}},"loc":{"start":{"line":42,"column":66},"end":{"line":53,"column":1}},"line":42},"3":{"name":"(anonymous_3)","decl":{"start":{"line":47,"column":37},"end":{"line":47,"column":38}},"loc":{"start":{"line":47,"column":64},"end":{"line":51,"column":3}},"line":47},"4":{"name":"combineInfluences","decl":{"start":{"line":62,"column":16},"end":{"line":62,"column":33}},"loc":{"start":{"line":62,"column":47},"end":{"line":72,"column":1}},"line":62},"5":{"name":"(anonymous_5)","decl":{"start":{"line":64,"column":22},"end":{"line":64,"column":23}},"loc":{"start":{"line":64,"column":31},"end":{"line":70,"column":3}},"line":64},"6":{"name":"(anonymous_6)","decl":{"start":{"line":67,"column":39},"end":{"line":67,"column":40}},"loc":{"start":{"line":67,"column":66},"end":{"line":69,"column":5}},"line":67}},"branchMap":{"0":{"loc":{"start":{"line":27,"column":9},"end":{"line":27,"column":56}},"type":"binary-expr","locations":[{"start":{"line":27,"column":9},"end":{"line":27,"column":48}},{"start":{"line":27,"column":52},"end":{"line":27,"column":56}}],"line":27},"1":{"loc":{"start":{"line":44,"column":2},"end":{"line":44,"column":31}},"type":"if","locations":[{"start":{"line":44,"column":2},"end":{"line":44,"column":31}},{"start":{},"end":{}}],"line":44},"2":{"loc":{"start":{"line":48,"column":4},"end":{"line":50,"column":5}},"type":"if","locations":[{"start":{"line":48,"column":4},"end":{"line":50,"column":5}},{"start":{},"end":{}}],"line":48},"3":{"loc":{"start":{"line":66,"column":4},"end":{"line":66,"column":28}},"type":"if","locations":[{"start":{"line":66,"column":4},"end":{"line":66,"column":28}},{"start":{},"end":{}}],"line":66},"4":{"loc":{"start":{"line":68,"column":57},"end":{"line":68,"column":80}},"type":"binary-expr","locations":[{"start":{"line":68,"column":57},"end":{"line":68,"column":75}},{"start":{"line":68,"column":79},"end":{"line":68,"column":80}}],"line":68}},"s":{"0":2,"1":20,"2":6,"3":6,"4":2,"5":4,"6":4,"7":12,"8":7,"9":4,"10":5,"11":5,"12":10,"13":10,"14":1,"15":9,"16":27,"17":5},"f":{"0":2,"1":20,"2":6,"3":12,"4":5,"5":10,"6":27},"b":{"0":[20,5],"1":[2,4],"2":[7,5],"3":[1,9],"4":[27,19]},"_coverageSchema":"1a1c01bbd47fc00a2c39e90264f33305004495a9","hash":"3a3d7ea6a8ce5b1fc3007d2274ae66deb3fac5bb"}
}
