TN:
SF:src/index.js
FN:50,(anonymous_0)
FN:60,(anonymous_1)
FN:88,(anonymous_2)
FN:100,(anonymous_3)
FN:123,(anonymous_4)
FN:142,(anonymous_5)
FN:144,(anonymous_6)
FN:150,(anonymous_7)
FN:152,(anonymous_8)
FN:162,(anonymous_9)
FNF:10
FNH:1
FNDA:0,(anonymous_0)
FNDA:0,(anonymous_1)
FNDA:0,(anonymous_2)
FNDA:0,(anonymous_3)
FNDA:1,(anonymous_4)
FNDA:0,(anonymous_5)
FNDA:0,(anonymous_6)
FNDA:0,(anonymous_7)
FNDA:0,(anonymous_8)
FNDA:0,(anonymous_9)
DA:7,1
DA:10,1
DA:11,1
DA:12,1
DA:19,1
DA:25,1
DA:33,1
DA:40,1
DA:43,1
DA:49,1
DA:50,0
DA:51,0
DA:52,0
DA:60,1
DA:61,0
DA:82,1
DA:88,1
DA:89,0
DA:100,1
DA:102,0
DA:103,0
DA:107,0
DA:108,0
DA:111,0
DA:123,1
DA:124,1
DA:142,1
DA:143,0
DA:144,0
DA:145,0
DA:146,0
DA:150,1
DA:151,0
DA:152,0
DA:153,0
DA:154,0
DA:162,1
DA:163,0
DA:164,0
LF:39
LH:19
BRDA:11,0,0,1
BRDA:11,0,1,1
BRDA:12,1,0,1
BRDA:12,1,1,0
BRDA:26,2,0,1
BRDA:26,2,1,1
BRDA:49,3,0,0
BRDA:49,3,1,1
BRDA:102,4,0,0
BRDA:102,4,1,0
BRDA:107,5,0,0
BRDA:107,5,1,0
BRDA:107,5,2,0
BRDA:108,6,0,0
BRDA:108,6,1,0
BRDA:113,7,0,0
BRDA:113,7,1,0
BRDA:114,8,0,0
BRDA:114,8,1,0
BRDA:131,9,0,1
BRDA:131,9,1,1
BRF:21
BRH:8
end_of_record
TN:
SF:src/constants/diseaseNutrientInfluences.js
FNF:0
FNH:0
DA:26,3
DA:36,3
LF:2
LH:2
BRF:0
BRH:0
end_of_record
TN:
SF:src/routes/nutrition.js
FN:21,(anonymous_0)
FN:32,(anonymous_1)
FN:55,(anonymous_2)
FN:86,(anonymous_3)
FNF:4
FNH:4
FNDA:1,(anonymous_0)
FNDA:2,(anonymous_1)
FNDA:3,(anonymous_2)
FNDA:3,(anonymous_3)
DA:15,1
DA:21,1
DA:22,1
DA:32,1
DA:33,2
DA:34,2
DA:36,2
DA:37,1
DA:43,1
DA:55,1
DA:56,3
DA:57,3
DA:59,3
DA:60,1
DA:66,2
DA:67,2
DA:68,1
DA:74,1
DA:86,1
DA:87,3
DA:89,3
DA:90,2
DA:96,1
DA:97,1
LF:24
LH:24
BRDA:36,0,0,1
BRDA:36,0,1,1
BRDA:59,1,0,1
BRDA:59,1,1,2
BRDA:59,2,0,3
BRDA:59,2,1,2
BRDA:59,2,2,2
BRDA:67,3,0,1
BRDA:67,3,1,1
BRDA:89,4,0,2
BRDA:89,4,1,1
BRDA:89,5,0,3
BRDA:89,5,1,2
BRF:13
BRH:13
end_of_record
TN:
SF:src/services/diseaseNutrientService.js
FN:16,getSupportedDiseases
FN:26,getInfluencesForDisease
FN:42,applyDiseaseInfluences
FN:47,(anonymous_3)
FN:62,combineInfluences
FN:64,(anonymous_5)
FN:67,(anonymous_6)
FNF:7
FNH:7
FNDA:2,getSupportedDiseases
FNDA:20,getInfluencesForDisease
FNDA:6,applyDiseaseInfluences
FNDA:12,(anonymous_3)
FNDA:5,combineInfluences
FNDA:10,(anonymous_5)
FNDA:27,(anonymous_6)
DA:17,2
DA:27,20
DA:43,6
DA:44,6
DA:46,4
DA:47,4
DA:48,12
DA:49,7
DA:52,4
DA:63,5
DA:64,5
DA:65,10
DA:66,10
DA:67,9
DA:68,27
DA:71,5
LF:16
LH:16
BRDA:27,0,0,20
BRDA:27,0,1,5
BRDA:44,1,0,2
BRDA:44,1,1,4
BRDA:48,2,0,7
BRDA:48,2,1,5
BRDA:66,3,0,1
BRDA:66,3,1,9
BRDA:68,4,0,27
BRDA:68,4,1,19
BRF:10
BRH:10
end_of_record
